[2025-11-14 16:02:54] [ERROR] Excepción al validar AD: invalid server address
[2025-11-14 16:03:01] [INFO] Equipos obtenidos desde AD: 2
[2025-11-14 16:03:05] [WARNING] Ping fallido: PCCLIENTE → Inactivo
[2025-11-14 16:06:29] [ERROR] Excepción al validar AD: invalid server address
[2025-11-14 16:06:38] [INFO] Equipos obtenidos desde AD: 2
[2025-11-14 16:06:42] [WARNING] Ping fallido: PCCLIENTE → Inactivo
[2025-11-14 16:07:12] [INFO] Equipos obtenidos desde AD: 2
[2025-11-14 16:07:16] [WARNING] Ping fallido: PCCLIENTE → Inactivo
[2025-11-14 16:07:46] [INFO] Equipos obtenidos desde AD: 2
[2025-11-14 16:07:50] [WARNING] Ping fallido: PCCLIENTE → Inactivo
[2025-11-14 16:08:20] [INFO] Equipos obtenidos desde AD: 2
[2025-11-14 16:08:24] [WARNING] Ping fallido: PCCLIENTE → Inactivo
[2025-11-14 16:08:54] [INFO] Equipos obtenidos desde AD: 2
[2025-11-14 16:08:58] [WARNING] Ping fallido: PCCLIENTE → Inactivo
[2025-11-14 16:09:28] [INFO] Equipos obtenidos desde AD: 2
[2025-11-14 16:09:32] [WARNING] Ping fallido: PCCLIENTE → Inactivo
[2025-11-14 16:10:03] [INFO] Equipos obtenidos desde AD: 2
[2025-11-14 16:10:07] [WARNING] Ping fallido: PCCLIENTE → Inactivo
[2025-11-14 16:10:37] [INFO] Equipos obtenidos desde AD: 2
[2025-11-14 16:10:41] [WARNING] Ping fallido: PCCLIENTE → Inactivo
[2025-11-14 16:11:11] [INFO] Equipos obtenidos desde AD: 2
[2025-11-14 16:11:15] [WARNING] Ping fallido: PCCLIENTE → Inactivo
[2025-11-14 16:11:45] [INFO] Equipos obtenidos desde AD: 2
[2025-11-14 16:11:49] [WARNING] Ping fallido: PCCLIENTE → Inactivo
[2025-11-14 16:12:19] [INFO] Equipos obtenidos desde AD: 2
[2025-11-14 16:12:23] [WARNING] Ping fallido: PCCLIENTE → Inactivo
[2025-11-14 16:12:53] [INFO] Equipos obtenidos desde AD: 2
[2025-11-14 16:12:57] [WARNING] Ping fallido: PCCLIENTE → Inactivo
[2025-11-14 16:13:28] [INFO] Equipos obtenidos desde AD: 2
[2025-11-14 16:13:32] [WARNING] Ping fallido: PCCLIENTE → Inactivo
[2025-11-14 16:14:02] [INFO] Equipos obtenidos desde AD: 2
[2025-11-14 16:14:06] [WARNING] Ping fallido: PCCLIENTE → Inactivo
[2025-11-14 16:14:36] [INFO] Equipos obtenidos desde AD: 2
[2025-11-14 16:14:40] [WARNING] Ping fallido: PCCLIENTE → Inactivo
[2025-11-14 16:15:10] [INFO] Equipos obtenidos desde AD: 2
[2025-11-14 16:15:14] [WARNING] Ping fallido: PCCLIENTE → Inactivo
[2025-11-14 16:15:44] [INFO] Equipos obtenidos desde AD: 2
[2025-11-14 16:15:48] [WARNING] Ping fallido: PCCLIENTE → Inactivo
[2025-11-14 16:16:18] [INFO] Equipos obtenidos desde AD: 2
[2025-11-14 16:16:22] [WARNING] Ping fallido: PCCLIENTE → Inactivo
[2025-11-14 16:16:52] [INFO] Equipos obtenidos desde AD: 2
[2025-11-14 16:16:56] [WARNING] Ping fallido: PCCLIENTE → Inactivo
[2025-11-14 16:17:26] [INFO] Equipos obtenidos desde AD: 2
[2025-11-14 16:17:30] [WARNING] Ping fallido: PCCLIENTE → Inactivo
[2025-11-14 16:18:00] [INFO] Equipos obtenidos desde AD: 2
[2025-11-14 16:18:04] [WARNING] Ping fallido: PCCLIENTE → Inactivo
[2025-11-14 16:18:34] [INFO] Equipos obtenidos desde AD: 2
[2025-11-14 16:18:38] [WARNING] Ping fallido: PCCLIENTE → Inactivo
[2025-11-14 16:19:08] [INFO] Equipos obtenidos desde AD: 2
[2025-11-14 16:19:12] [WARNING] Ping fallido: PCCLIENTE → Inactivo
[2025-11-14 16:19:42] [INFO] Equipos obtenidos desde AD: 2
[2025-11-14 16:19:46] [WARNING] Ping fallido: PCCLIENTE → Inactivo
[2025-11-14 16:20:16] [INFO] Equipos obtenidos desde AD: 2
[2025-11-14 16:20:20] [WARNING] Ping fallido: PCCLIENTE → Inactivo
[2025-11-14 16:20:50] [INFO] Equipos obtenidos desde AD: 2
[2025-11-14 16:20:54] [WARNING] Ping fallido: PCCLIENTE → Inactivo
[2025-11-14 16:21:24] [INFO] Equipos obtenidos desde AD: 2
[2025-11-14 16:21:28] [WARNING] Ping fallido: PCCLIENTE → Inactivo
[2025-11-14 16:23:36] [INFO] Equipos obtenidos desde AD: 2
[2025-11-14 16:23:39] [WARNING] Ping fallido: PCCLIENTE → Inactivo
[2025-11-14 16:24:09] [INFO] Equipos obtenidos desde AD: 2
[2025-11-14 16:24:13] [WARNING] Ping fallido: PCCLIENTE → Inactivo
[2025-11-14 16:24:52] [ERROR] Excepción al leer AD: invalid server address
[2025-11-14 16:26:01] [INFO] Equipos obtenidos desde AD: 2
[2025-11-14 16:26:05] [WARNING] Ping fallido: PCCLIENTE → Inactivo
[2025-11-14 16:31:02] [ERROR] Excepción al leer AD: invalid server address
[2025-11-14 16:37:47] [ERROR] Excepción al leer AD: invalid server address
[2025-11-14 16:38:31] [INFO] Equipos obtenidos desde AD: 2
[2025-11-14 16:38:35] [WARNING] Ping fallido: PCCLIENTE → Inactivo
[2025-11-14 16:39:05] [INFO] Equipos obtenidos desde AD: 2
[2025-11-14 16:39:09] [WARNING] Ping fallido: PCCLIENTE → Inactivo
[2025-11-14 16:45:21] [INFO] Equipos obtenidos desde AD: 2
[2025-11-14 16:45:25] [WARNING] Ping fallido: PCCLIENTE → Inactivo
[2025-11-14 16:45:55] [INFO] Equipos obtenidos desde AD: 2
[2025-11-14 16:45:59] [WARNING] Ping fallido: PCCLIENTE → Inactivo
[2025-11-14 16:46:29] [INFO] Equipos obtenidos desde AD: 2
[2025-11-14 16:46:33] [WARNING] Ping fallido: PCCLIENTE → Inactivo
[2025-11-14 16:47:03] [INFO] Equipos obtenidos desde AD: 2
[2025-11-14 16:47:07] [WARNING] Ping fallido: PCCLIENTE → Inactivo
[2025-11-14 16:47:37] [INFO] Equipos obtenidos desde AD: 2
[2025-11-14 16:47:41] [WARNING] Ping fallido: PCCLIENTE → Inactivo
[2025-11-14 16:48:11] [INFO] Equipos obtenidos desde AD: 2
[2025-11-14 16:48:15] [WARNING] Ping fallido: PCCLIENTE → Inactivo
[2025-11-14 16:48:45] [INFO] Equipos obtenidos desde AD: 2
[2025-11-14 16:48:49] [WARNING] Ping fallido: PCCLIENTE → Inactivo
[2025-11-14 16:49:19] [INFO] Equipos obtenidos desde AD: 2
[2025-11-14 16:49:23] [WARNING] Ping fallido: PCCLIENTE → Inactivo
[2025-11-14 16:49:53] [INFO] Equipos obtenidos desde AD: 2
[2025-11-14 16:49:57] [WARNING] Ping fallido: PCCLIENTE → Inactivo
[2025-11-14 16:50:27] [INFO] Equipos obtenidos desde AD: 2
[2025-11-14 16:50:31] [WARNING] Ping fallido: PCCLIENTE → Inactivo
[2025-11-14 16:51:01] [INFO] Equipos obtenidos desde AD: 2
[2025-11-14 16:51:05] [WARNING] Ping fallido: PCCLIENTE → Inactivo
[2025-11-14 16:51:35] [INFO] Equipos obtenidos desde AD: 2
[2025-11-14 16:51:39] [WARNING] Ping fallido: PCCLIENTE → Inactivo
[2025-11-14 16:52:09] [INFO] Equipos obtenidos desde AD: 2
[2025-11-14 16:52:09] [INFO] Estado de PCCLIENTE cambió de Inactivo a Activo
[2025-11-14 16:52:10] [ERROR] SQL intento 1 fallido: ('HY000', '[HY000] [Microsoft][ODBC Driver 17 for SQL Server]La conexión está ocupada con los resultados de otro comando (0) (SQLExecDirectW)')
[2025-11-14 16:52:45] [INFO] Equipos obtenidos desde AD: 2
[2025-11-14 16:52:45] [ERROR] SQL intento 1 fallido: ('HY000', '[HY000] [Microsoft][ODBC Driver 17 for SQL Server]La conexión está ocupada con los resultados de otro comando (0) (SQLNumResultCols)')
[2025-11-14 16:53:20] [INFO] Equipos obtenidos desde AD: 2
[2025-11-14 16:53:20] [ERROR] SQL intento 1 fallido: ('HY000', '[HY000] [Microsoft][ODBC Driver 17 for SQL Server]La conexión está ocupada con los resultados de otro comando (0) (SQLNumResultCols)')
[2025-11-14 16:53:55] [INFO] Equipos obtenidos desde AD: 2
[2025-11-14 16:53:55] [ERROR] SQL intento 1 fallido: ('HY000', '[HY000] [Microsoft][ODBC Driver 17 for SQL Server]La conexión está ocupada con los resultados de otro comando (0) (SQLExecDirectW)')
[2025-11-14 16:54:30] [INFO] Equipos obtenidos desde AD: 2
[2025-11-14 16:54:30] [ERROR] SQL intento 1 fallido: ('HY000', '[HY000] [Microsoft][ODBC Driver 17 for SQL Server]La conexión está ocupada con los resultados de otro comando (0) (SQLExecDirectW)')
[2025-11-14 16:55:05] [INFO] Equipos obtenidos desde AD: 2
[2025-11-14 16:55:36] [INFO] Equipos obtenidos desde AD: 2
[2025-11-14 16:55:36] [ERROR] SQL intento 1 fallido: ('HY000', '[HY000] [Microsoft][ODBC Driver 17 for SQL Server]La conexión está ocupada con los resultados de otro comando (0) (SQLNumResultCols)')
[2025-11-14 16:56:11] [INFO] Equipos obtenidos desde AD: 2
[2025-11-14 16:56:11] [ERROR] SQL intento 1 fallido: ('HY000', '[HY000] [Microsoft][ODBC Driver 17 for SQL Server]La conexión está ocupada con los resultados de otro comando (0) (SQLExecDirectW)')
[2025-11-14 16:56:46] [INFO] Equipos obtenidos desde AD: 2
[2025-11-14 16:56:46] [ERROR] SQL intento 1 fallido: ('HY000', '[HY000] [Microsoft][ODBC Driver 17 for SQL Server]La conexión está ocupada con los resultados de otro comando (0) (SQLExecDirectW)')
[2025-11-14 16:59:23] [INFO] Equipos obtenidos desde AD: 2
[2025-11-14 16:59:53] [INFO] Equipos obtenidos desde AD: 2
[2025-11-14 17:00:24] [INFO] Equipos obtenidos desde AD: 2
[2025-11-14 17:00:27] [WARNING] Ping fallido: PCCLIENTE → Inactivo
[2025-11-14 17:00:27] [INFO] Estado de PCCLIENTE cambió de Activo a Inactivo
[2025-11-14 17:00:57] [INFO] Equipos obtenidos desde AD: 2
[2025-11-14 17:01:01] [WARNING] Ping fallido: PCCLIENTE → Inactivo
[2025-11-14 17:01:31] [INFO] Equipos obtenidos desde AD: 2
[2025-11-14 17:01:35] [WARNING] Ping fallido: PCCLIENTE → Inactivo
[2025-11-14 17:02:05] [INFO] Equipos obtenidos desde AD: 2
[2025-11-14 17:02:09] [WARNING] Ping fallido: PCCLIENTE → Inactivo
[2025-11-14 17:02:40] [INFO] Equipos obtenidos desde AD: 2
[2025-11-14 17:02:44] [WARNING] Ping fallido: PCCLIENTE → Inactivo
[2025-11-14 17:03:14] [INFO] Equipos obtenidos desde AD: 2
[2025-11-14 17:03:18] [WARNING] Ping fallido: PCCLIENTE → Inactivo
[2025-11-14 17:03:48] [INFO] Equipos obtenidos desde AD: 2
[2025-11-14 17:03:52] [WARNING] Ping fallido: PCCLIENTE → Inactivo
[2025-11-14 17:04:22] [INFO] Equipos obtenidos desde AD: 2
[2025-11-14 17:04:26] [WARNING] Ping fallido: PCCLIENTE → Inactivo
[2025-11-14 17:04:56] [INFO] Equipos obtenidos desde AD: 2
[2025-11-14 17:05:00] [WARNING] Ping fallido: PCCLIENTE → Inactivo
[2025-11-14 17:05:30] [INFO] Equipos obtenidos desde AD: 2
[2025-11-14 17:05:34] [WARNING] Ping fallido: PCCLIENTE → Inactivo
[2025-11-14 17:06:04] [INFO] Equipos obtenidos desde AD: 2
[2025-11-14 17:06:08] [WARNING] Ping fallido: PCCLIENTE → Inactivo
[2025-11-14 17:06:38] [INFO] Equipos obtenidos desde AD: 2
[2025-11-14 17:06:42] [WARNING] Ping fallido: PCCLIENTE → Inactivo
[2025-11-14 17:07:12] [INFO] Equipos obtenidos desde AD: 2
[2025-11-14 17:07:16] [WARNING] Ping fallido: PCCLIENTE → Inactivo
[2025-11-14 17:07:46] [INFO] Equipos obtenidos desde AD: 2
[2025-11-14 17:07:50] [WARNING] Ping fallido: PCCLIENTE → Inactivo
[2025-11-14 17:08:20] [INFO] Equipos obtenidos desde AD: 2
[2025-11-14 17:08:24] [WARNING] Ping fallido: PCCLIENTE → Inactivo
[2025-11-14 17:08:54] [INFO] Equipos obtenidos desde AD: 2
[2025-11-14 17:08:58] [WARNING] Ping fallido: PCCLIENTE → Inactivo
[2025-11-14 17:09:28] [INFO] Equipos obtenidos desde AD: 2
[2025-11-14 17:09:32] [WARNING] Ping fallido: PCCLIENTE → Inactivo
[2025-11-14 17:10:02] [INFO] Equipos obtenidos desde AD: 2
[2025-11-14 17:10:06] [WARNING] Ping fallido: PCCLIENTE → Inactivo
[2025-11-14 17:10:36] [INFO] Equipos obtenidos desde AD: 2
[2025-11-14 17:10:40] [WARNING] Ping fallido: PCCLIENTE → Inactivo
[2025-11-14 17:11:10] [INFO] Equipos obtenidos desde AD: 2
[2025-11-14 17:11:14] [WARNING] Ping fallido: PCCLIENTE → Inactivo
[2025-11-14 17:11:44] [INFO] Equipos obtenidos desde AD: 2
[2025-11-14 17:11:48] [WARNING] Ping fallido: PCCLIENTE → Inactivo
[2025-11-14 17:12:18] [INFO] Equipos obtenidos desde AD: 2
[2025-11-14 17:12:22] [WARNING] Ping fallido: PCCLIENTE → Inactivo
[2025-11-14 17:12:52] [INFO] Equipos obtenidos desde AD: 2
[2025-11-14 17:12:56] [WARNING] Ping fallido: PCCLIENTE → Inactivo
[2025-11-14 17:13:26] [INFO] Equipos obtenidos desde AD: 2
[2025-11-14 17:13:30] [WARNING] Ping fallido: PCCLIENTE → Inactivo
[2025-11-14 17:14:00] [INFO] Equipos obtenidos desde AD: 2
[2025-11-14 17:14:04] [WARNING] Ping fallido: PCCLIENTE → Inactivo
[2025-11-14 17:14:34] [INFO] Equipos obtenidos desde AD: 2
[2025-11-14 17:14:38] [WARNING] Ping fallido: PCCLIENTE → Inactivo
[2025-11-14 17:15:09] [INFO] Equipos obtenidos desde AD: 2
[2025-11-14 17:15:12] [WARNING] Ping fallido: PCCLIENTE → Inactivo
[2025-11-14 17:15:42] [INFO] Equipos obtenidos desde AD: 2
[2025-11-14 17:15:46] [WARNING] Ping fallido: PCCLIENTE → Inactivo
[2025-11-14 17:16:16] [INFO] Equipos obtenidos desde AD: 2
[2025-11-14 17:16:20] [WARNING] Ping fallido: PCCLIENTE → Inactivo
[2025-11-14 17:16:50] [INFO] Equipos obtenidos desde AD: 2
[2025-11-14 17:16:54] [WARNING] Ping fallido: PCCLIENTE → Inactivo
[2025-11-14 17:17:24] [INFO] Equipos obtenidos desde AD: 2
[2025-11-14 17:17:28] [WARNING] Ping fallido: PCCLIENTE → Inactivo
[2025-11-14 17:17:58] [INFO] Equipos obtenidos desde AD: 2
[2025-11-14 17:18:02] [WARNING] Ping fallido: PCCLIENTE → Inactivo
[2025-11-14 17:18:32] [INFO] Equipos obtenidos desde AD: 2
[2025-11-14 17:18:36] [WARNING] Ping fallido: PCCLIENTE → Inactivo
[2025-11-14 17:19:06] [INFO] Equipos obtenidos desde AD: 2
[2025-11-14 17:19:10] [WARNING] Ping fallido: PCCLIENTE → Inactivo
[2025-11-14 17:19:40] [INFO] Equipos obtenidos desde AD: 2
[2025-11-14 17:19:44] [WARNING] Ping fallido: PCCLIENTE → Inactivo
[2025-11-14 17:20:14] [INFO] Equipos obtenidos desde AD: 2
[2025-11-14 17:20:18] [WARNING] Ping fallido: PCCLIENTE → Inactivo
[2025-11-14 17:20:48] [INFO] Equipos obtenidos desde AD: 2
[2025-11-14 17:20:52] [WARNING] Ping fallido: PCCLIENTE → Inactivo
[2025-11-14 17:21:23] [INFO] Equipos obtenidos desde AD: 2
[2025-11-14 17:21:27] [WARNING] Ping fallido: PCCLIENTE → Inactivo
[2025-11-14 17:21:57] [INFO] Equipos obtenidos desde AD: 2
[2025-11-14 17:22:01] [WARNING] Ping fallido: PCCLIENTE → Inactivo
[2025-11-14 17:22:31] [INFO] Equipos obtenidos desde AD: 2
[2025-11-14 17:22:35] [WARNING] Ping fallido: PCCLIENTE → Inactivo
[2025-11-14 17:23:05] [INFO] Equipos obtenidos desde AD: 2
[2025-11-14 17:23:09] [WARNING] Ping fallido: PCCLIENTE → Inactivo
[2025-11-14 17:23:39] [INFO] Equipos obtenidos desde AD: 2
[2025-11-14 17:23:43] [WARNING] Ping fallido: PCCLIENTE → Inactivo
[2025-11-14 17:24:13] [INFO] Equipos obtenidos desde AD: 2
[2025-11-14 17:24:17] [WARNING] Ping fallido: PCCLIENTE → Inactivo
[2025-11-14 17:24:47] [INFO] Equipos obtenidos desde AD: 2
[2025-11-14 17:24:51] [WARNING] Ping fallido: PCCLIENTE → Inactivo
[2025-11-14 17:25:21] [INFO] Equipos obtenidos desde AD: 2
[2025-11-14 17:25:25] [WARNING] Ping fallido: PCCLIENTE → Inactivo
[2025-11-14 17:25:55] [INFO] Equipos obtenidos desde AD: 2
[2025-11-14 17:25:59] [WARNING] Ping fallido: PCCLIENTE → Inactivo
[2025-11-14 17:26:29] [INFO] Equipos obtenidos desde AD: 2
[2025-11-14 17:26:33] [WARNING] Ping fallido: PCCLIENTE → Inactivo
[2025-11-14 17:27:03] [INFO] Equipos obtenidos desde AD: 2
[2025-11-14 17:27:07] [WARNING] Ping fallido: PCCLIENTE → Inactivo
[2025-11-14 17:27:37] [INFO] Equipos obtenidos desde AD: 2
[2025-11-14 17:27:41] [WARNING] Ping fallido: PCCLIENTE → Inactivo
[2025-11-14 17:28:11] [INFO] Equipos obtenidos desde AD: 2
[2025-11-14 17:28:15] [WARNING] Ping fallido: PCCLIENTE → Inactivo
[2025-11-14 17:28:45] [INFO] Equipos obtenidos desde AD: 2
[2025-11-14 17:28:49] [WARNING] Ping fallido: PCCLIENTE → Inactivo
[2025-11-14 17:29:19] [INFO] Equipos obtenidos desde AD: 2
[2025-11-14 17:29:23] [WARNING] Ping fallido: PCCLIENTE → Inactivo
[2025-11-14 17:29:53] [INFO] Equipos obtenidos desde AD: 2
[2025-11-14 17:29:57] [WARNING] Ping fallido: PCCLIENTE → Inactivo
[2025-11-14 17:30:27] [INFO] Equipos obtenidos desde AD: 2
[2025-11-14 17:30:31] [WARNING] Ping fallido: PCCLIENTE → Inactivo
[2025-11-14 17:31:01] [INFO] Equipos obtenidos desde AD: 2
[2025-11-14 17:31:05] [WARNING] Ping fallido: PCCLIENTE → Inactivo
[2025-11-14 17:31:35] [INFO] Equipos obtenidos desde AD: 2
[2025-11-14 17:31:39] [WARNING] Ping fallido: PCCLIENTE → Inactivo
[2025-11-14 17:32:09] [INFO] Equipos obtenidos desde AD: 2
[2025-11-14 17:32:13] [WARNING] Ping fallido: PCCLIENTE → Inactivo
[2025-11-14 17:32:43] [INFO] Equipos obtenidos desde AD: 2
[2025-11-14 17:32:47] [WARNING] Ping fallido: PCCLIENTE → Inactivo
[2025-11-14 17:33:17] [INFO] Equipos obtenidos desde AD: 2
[2025-11-14 17:33:21] [WARNING] Ping fallido: PCCLIENTE → Inactivo
[2025-11-14 17:33:51] [INFO] Equipos obtenidos desde AD: 2
[2025-11-14 17:33:55] [WARNING] Ping fallido: PCCLIENTE → Inactivo
[2025-11-14 17:34:25] [INFO] Equipos obtenidos desde AD: 2
[2025-11-14 17:34:29] [WARNING] Ping fallido: PCCLIENTE → Inactivo
[2025-11-14 17:34:59] [INFO] Equipos obtenidos desde AD: 2
[2025-11-14 17:35:03] [WARNING] Ping fallido: PCCLIENTE → Inactivo
[2025-11-14 17:35:33] [INFO] Equipos obtenidos desde AD: 2
[2025-11-14 17:35:37] [WARNING] Ping fallido: PCCLIENTE → Inactivo
[2025-11-14 17:36:07] [INFO] Equipos obtenidos desde AD: 2
[2025-11-14 17:36:11] [WARNING] Ping fallido: PCCLIENTE → Inactivo
[2025-11-14 17:36:41] [INFO] Equipos obtenidos desde AD: 2
[2025-11-14 17:36:45] [WARNING] Ping fallido: PCCLIENTE → Inactivo
[2025-11-14 17:37:15] [INFO] Equipos obtenidos desde AD: 2
[2025-11-14 17:37:19] [WARNING] Ping fallido: PCCLIENTE → Inactivo
[2025-11-14 17:37:49] [INFO] Equipos obtenidos desde AD: 2
[2025-11-14 17:37:53] [WARNING] Ping fallido: PCCLIENTE → Inactivo
[2025-11-14 17:38:23] [INFO] Equipos obtenidos desde AD: 2
[2025-11-14 17:38:27] [WARNING] Ping fallido: PCCLIENTE → Inactivo
[2025-11-14 17:38:57] [INFO] Equipos obtenidos desde AD: 2
[2025-11-14 17:39:01] [WARNING] Ping fallido: PCCLIENTE → Inactivo
[2025-11-14 17:39:31] [INFO] Equipos obtenidos desde AD: 2
[2025-11-14 17:39:35] [WARNING] Ping fallido: PCCLIENTE → Inactivo
[2025-11-14 17:40:05] [INFO] Equipos obtenidos desde AD: 2
[2025-11-14 17:40:09] [WARNING] Ping fallido: PCCLIENTE → Inactivo
[2025-11-14 17:40:39] [INFO] Equipos obtenidos desde AD: 2
[2025-11-14 17:40:43] [WARNING] Ping fallido: PCCLIENTE → Inactivo
[2025-11-14 17:41:13] [INFO] Equipos obtenidos desde AD: 2
[2025-11-14 17:41:17] [WARNING] Ping fallido: PCCLIENTE → Inactivo
[2025-11-14 17:41:47] [INFO] Equipos obtenidos desde AD: 2
[2025-11-14 17:41:51] [WARNING] Ping fallido: PCCLIENTE → Inactivo
[2025-11-14 17:42:21] [INFO] Equipos obtenidos desde AD: 2
[2025-11-14 17:42:25] [WARNING] Ping fallido: PCCLIENTE → Inactivo
[2025-11-14 17:42:55] [INFO] Equipos obtenidos desde AD: 2
[2025-11-14 17:42:59] [WARNING] Ping fallido: PCCLIENTE → Inactivo
[2025-11-14 17:43:29] [INFO] Equipos obtenidos desde AD: 2
[2025-11-14 17:43:33] [WARNING] Ping fallido: PCCLIENTE → Inactivo
[2025-11-14 17:44:03] [INFO] Equipos obtenidos desde AD: 2
[2025-11-14 17:44:07] [WARNING] Ping fallido: PCCLIENTE → Inactivo
[2025-11-14 17:44:37] [INFO] Equipos obtenidos desde AD: 2
[2025-11-14 17:44:41] [WARNING] Ping fallido: PCCLIENTE → Inactivo
[2025-11-14 17:45:11] [INFO] Equipos obtenidos desde AD: 2
[2025-11-14 17:45:15] [WARNING] Ping fallido: PCCLIENTE → Inactivo
[2025-11-14 17:45:45] [INFO] Equipos obtenidos desde AD: 2
[2025-11-14 17:45:49] [WARNING] Ping fallido: PCCLIENTE → Inactivo
[2025-11-14 17:46:19] [INFO] Equipos obtenidos desde AD: 2
[2025-11-14 17:46:23] [WARNING] Ping fallido: PCCLIENTE → Inactivo
[2025-11-14 17:46:53] [INFO] Equipos obtenidos desde AD: 2
[2025-11-14 17:46:57] [WARNING] Ping fallido: PCCLIENTE → Inactivo
[2025-11-14 17:47:27] [INFO] Equipos obtenidos desde AD: 2
[2025-11-14 17:47:31] [WARNING] Ping fallido: PCCLIENTE → Inactivo
[2025-11-14 17:48:01] [INFO] Equipos obtenidos desde AD: 2
[2025-11-14 17:48:05] [WARNING] Ping fallido: PCCLIENTE → Inactivo
[2025-11-14 17:48:35] [INFO] Equipos obtenidos desde AD: 2
[2025-11-14 17:48:39] [WARNING] Ping fallido: PCCLIENTE → Inactivo
[2025-11-14 17:49:09] [INFO] Equipos obtenidos desde AD: 2
[2025-11-14 17:49:13] [WARNING] Ping fallido: PCCLIENTE → Inactivo
[2025-11-14 17:49:43] [INFO] Equipos obtenidos desde AD: 2
[2025-11-14 17:49:47] [WARNING] Ping fallido: PCCLIENTE → Inactivo
[2025-11-14 17:50:17] [INFO] Equipos obtenidos desde AD: 2
[2025-11-14 17:50:21] [WARNING] Ping fallido: PCCLIENTE → Inactivo
[2025-11-14 17:50:51] [INFO] Equipos obtenidos desde AD: 2
[2025-11-14 17:50:55] [WARNING] Ping fallido: PCCLIENTE → Inactivo
[2025-11-14 17:51:25] [INFO] Equipos obtenidos desde AD: 2
[2025-11-14 17:51:29] [WARNING] Ping fallido: PCCLIENTE → Inactivo
[2025-11-14 17:51:59] [INFO] Equipos obtenidos desde AD: 2
[2025-11-14 17:52:03] [WARNING] Ping fallido: PCCLIENTE → Inactivo
[2025-11-14 17:52:33] [INFO] Equipos obtenidos desde AD: 2
[2025-11-14 17:52:37] [WARNING] Ping fallido: PCCLIENTE → Inactivo
[2025-11-14 17:53:07] [INFO] Equipos obtenidos desde AD: 2
[2025-11-14 17:53:11] [WARNING] Ping fallido: PCCLIENTE → Inactivo
[2025-11-14 17:53:41] [INFO] Equipos obtenidos desde AD: 2
[2025-11-14 17:53:45] [WARNING] Ping fallido: PCCLIENTE → Inactivo
[2025-11-14 17:54:15] [INFO] Equipos obtenidos desde AD: 2
[2025-11-14 17:54:19] [WARNING] Ping fallido: PCCLIENTE → Inactivo
[2025-11-14 17:54:49] [INFO] Equipos obtenidos desde AD: 2
[2025-11-14 17:54:53] [WARNING] Ping fallido: PCCLIENTE → Inactivo
[2025-11-14 17:55:23] [INFO] Equipos obtenidos desde AD: 2
[2025-11-14 17:55:27] [WARNING] Ping fallido: PCCLIENTE → Inactivo
[2025-11-14 17:55:57] [INFO] Equipos obtenidos desde AD: 2
[2025-11-14 17:56:01] [WARNING] Ping fallido: PCCLIENTE → Inactivo
[2025-11-14 17:56:31] [INFO] Equipos obtenidos desde AD: 2
[2025-11-14 17:56:35] [WARNING] Ping fallido: PCCLIENTE → Inactivo
[2025-11-14 17:57:05] [INFO] Equipos obtenidos desde AD: 2
[2025-11-14 17:57:09] [WARNING] Ping fallido: PCCLIENTE → Inactivo
[2025-11-14 17:57:39] [INFO] Equipos obtenidos desde AD: 2
[2025-11-14 17:57:43] [WARNING] Ping fallido: PCCLIENTE → Inactivo
[2025-11-14 17:58:13] [INFO] Equipos obtenidos desde AD: 2
[2025-11-14 17:58:17] [WARNING] Ping fallido: PCCLIENTE → Inactivo
[2025-11-14 17:58:47] [INFO] Equipos obtenidos desde AD: 2
[2025-11-14 17:58:51] [WARNING] Ping fallido: PCCLIENTE → Inactivo
[2025-11-14 17:59:21] [INFO] Equipos obtenidos desde AD: 2
[2025-11-14 17:59:25] [WARNING] Ping fallido: PCCLIENTE → Inactivo
[2025-11-14 17:59:55] [INFO] Equipos obtenidos desde AD: 2
[2025-11-14 17:59:59] [WARNING] Ping fallido: PCCLIENTE → Inactivo
[2025-11-14 18:00:29] [INFO] Equipos obtenidos desde AD: 2
[2025-11-14 18:00:33] [WARNING] Ping fallido: PCCLIENTE → Inactivo
[2025-11-14 18:01:03] [INFO] Equipos obtenidos desde AD: 2
[2025-11-14 18:01:07] [WARNING] Ping fallido: PCCLIENTE → Inactivo
[2025-11-14 18:01:37] [INFO] Equipos obtenidos desde AD: 2
[2025-11-14 18:01:41] [WARNING] Ping fallido: PCCLIENTE → Inactivo
[2025-11-14 18:02:11] [INFO] Equipos obtenidos desde AD: 2
[2025-11-14 18:02:15] [WARNING] Ping fallido: PCCLIENTE → Inactivo
[2025-11-14 18:02:45] [INFO] Equipos obtenidos desde AD: 2
[2025-11-14 18:02:49] [WARNING] Ping fallido: PCCLIENTE → Inactivo
[2025-11-14 18:03:19] [INFO] Equipos obtenidos desde AD: 2
[2025-11-14 18:03:23] [WARNING] Ping fallido: PCCLIENTE → Inactivo
[2025-11-14 18:03:53] [INFO] Equipos obtenidos desde AD: 2
[2025-11-14 18:03:57] [WARNING] Ping fallido: PCCLIENTE → Inactivo
[2025-11-14 18:04:27] [INFO] Equipos obtenidos desde AD: 2
[2025-11-14 18:04:31] [WARNING] Ping fallido: PCCLIENTE → Inactivo
[2025-11-14 18:05:01] [INFO] Equipos obtenidos desde AD: 2
[2025-11-14 18:05:05] [WARNING] Ping fallido: PCCLIENTE → Inactivo
[2025-11-14 18:05:35] [INFO] Equipos obtenidos desde AD: 2
[2025-11-14 18:05:39] [WARNING] Ping fallido: PCCLIENTE → Inactivo
[2025-11-14 18:06:09] [INFO] Equipos obtenidos desde AD: 2
[2025-11-14 18:06:13] [WARNING] Ping fallido: PCCLIENTE → Inactivo
[2025-11-14 18:06:43] [INFO] Equipos obtenidos desde AD: 2
[2025-11-14 18:06:47] [WARNING] Ping fallido: PCCLIENTE → Inactivo
[2025-11-14 18:07:17] [INFO] Equipos obtenidos desde AD: 2
[2025-11-14 18:07:21] [WARNING] Ping fallido: PCCLIENTE → Inactivo
[2025-11-14 18:07:51] [INFO] Equipos obtenidos desde AD: 2
[2025-11-14 18:07:55] [WARNING] Ping fallido: PCCLIENTE → Inactivo
[2025-11-14 18:08:25] [INFO] Equipos obtenidos desde AD: 2
[2025-11-14 18:08:29] [WARNING] Ping fallido: PCCLIENTE → Inactivo
[2025-11-14 18:08:59] [INFO] Equipos obtenidos desde AD: 2
[2025-11-14 18:09:03] [WARNING] Ping fallido: PCCLIENTE → Inactivo
[2025-11-14 18:09:33] [INFO] Equipos obtenidos desde AD: 2
[2025-11-14 18:09:37] [WARNING] Ping fallido: PCCLIENTE → Inactivo
[2025-11-14 18:10:07] [INFO] Equipos obtenidos desde AD: 2
[2025-11-14 18:10:11] [WARNING] Ping fallido: PCCLIENTE → Inactivo
[2025-11-14 18:10:41] [INFO] Equipos obtenidos desde AD: 2
[2025-11-14 18:10:45] [WARNING] Ping fallido: PCCLIENTE → Inactivo
[2025-11-14 18:11:15] [INFO] Equipos obtenidos desde AD: 2
[2025-11-14 18:11:19] [WARNING] Ping fallido: PCCLIENTE → Inactivo
[2025-11-14 18:11:49] [INFO] Equipos obtenidos desde AD: 2
[2025-11-14 18:11:53] [WARNING] Ping fallido: PCCLIENTE → Inactivo
[2025-11-14 18:12:23] [INFO] Equipos obtenidos desde AD: 2
[2025-11-14 18:12:27] [WARNING] Ping fallido: PCCLIENTE → Inactivo
[2025-11-14 18:12:57] [INFO] Equipos obtenidos desde AD: 2
[2025-11-14 18:13:01] [WARNING] Ping fallido: PCCLIENTE → Inactivo
[2025-11-14 18:13:31] [INFO] Equipos obtenidos desde AD: 2
[2025-11-14 18:13:35] [WARNING] Ping fallido: PCCLIENTE → Inactivo
[2025-11-14 18:14:05] [INFO] Equipos obtenidos desde AD: 2
[2025-11-14 18:14:09] [WARNING] Ping fallido: PCCLIENTE → Inactivo
[2025-11-14 18:14:39] [INFO] Equipos obtenidos desde AD: 2
[2025-11-14 18:14:43] [WARNING] Ping fallido: PCCLIENTE → Inactivo
[2025-11-14 18:15:13] [INFO] Equipos obtenidos desde AD: 2
[2025-11-14 18:15:17] [WARNING] Ping fallido: PCCLIENTE → Inactivo
[2025-11-14 18:15:47] [INFO] Equipos obtenidos desde AD: 2
[2025-11-14 18:15:51] [WARNING] Ping fallido: PCCLIENTE → Inactivo
[2025-11-14 18:16:21] [INFO] Equipos obtenidos desde AD: 2
[2025-11-14 18:16:25] [WARNING] Ping fallido: PCCLIENTE → Inactivo
[2025-11-14 18:16:55] [INFO] Equipos obtenidos desde AD: 2
[2025-11-14 18:16:59] [WARNING] Ping fallido: PCCLIENTE → Inactivo
[2025-11-14 18:17:29] [INFO] Equipos obtenidos desde AD: 2
[2025-11-14 18:17:33] [WARNING] Ping fallido: PCCLIENTE → Inactivo
[2025-11-14 18:18:03] [INFO] Equipos obtenidos desde AD: 2
[2025-11-14 18:18:07] [WARNING] Ping fallido: PCCLIENTE → Inactivo
[2025-11-14 18:18:37] [INFO] Equipos obtenidos desde AD: 2
[2025-11-14 18:18:41] [WARNING] Ping fallido: PCCLIENTE → Inactivo
[2025-11-14 18:19:11] [INFO] Equipos obtenidos desde AD: 2
[2025-11-14 18:19:15] [WARNING] Ping fallido: PCCLIENTE → Inactivo
[2025-11-14 18:19:45] [INFO] Equipos obtenidos desde AD: 2
[2025-11-14 18:19:49] [WARNING] Ping fallido: PCCLIENTE → Inactivo
[2025-11-14 18:20:19] [INFO] Equipos obtenidos desde AD: 2
[2025-11-14 18:20:23] [WARNING] Ping fallido: PCCLIENTE → Inactivo
[2025-11-14 18:20:53] [INFO] Equipos obtenidos desde AD: 2
[2025-11-14 18:20:57] [WARNING] Ping fallido: PCCLIENTE → Inactivo
[2025-11-14 18:21:27] [INFO] Equipos obtenidos desde AD: 2
[2025-11-14 18:21:31] [WARNING] Ping fallido: PCCLIENTE → Inactivo
[2025-11-14 18:22:01] [INFO] Equipos obtenidos desde AD: 2
[2025-11-14 18:22:05] [WARNING] Ping fallido: PCCLIENTE → Inactivo
[2025-11-14 18:22:35] [INFO] Equipos obtenidos desde AD: 2
[2025-11-14 18:22:39] [WARNING] Ping fallido: PCCLIENTE → Inactivo
[2025-11-14 18:23:09] [INFO] Equipos obtenidos desde AD: 2
[2025-11-14 18:23:13] [WARNING] Ping fallido: PCCLIENTE → Inactivo
[2025-11-14 18:23:43] [INFO] Equipos obtenidos desde AD: 2
[2025-11-14 18:23:47] [WARNING] Ping fallido: PCCLIENTE → Inactivo
[2025-11-14 18:24:17] [INFO] Equipos obtenidos desde AD: 2
[2025-11-14 18:24:21] [WARNING] Ping fallido: PCCLIENTE → Inactivo
[2025-11-14 18:24:51] [INFO] Equipos obtenidos desde AD: 2
[2025-11-14 18:24:55] [WARNING] Ping fallido: PCCLIENTE → Inactivo
[2025-11-14 18:25:25] [INFO] Equipos obtenidos desde AD: 2
[2025-11-14 18:25:29] [WARNING] Ping fallido: PCCLIENTE → Inactivo
[2025-11-14 18:25:59] [INFO] Equipos obtenidos desde AD: 2
[2025-11-14 18:26:03] [WARNING] Ping fallido: PCCLIENTE → Inactivo
[2025-11-14 18:26:33] [INFO] Equipos obtenidos desde AD: 2
[2025-11-14 18:26:37] [WARNING] Ping fallido: PCCLIENTE → Inactivo
[2025-11-14 18:27:07] [INFO] Equipos obtenidos desde AD: 2
[2025-11-14 18:27:11] [WARNING] Ping fallido: PCCLIENTE → Inactivo
[2025-11-14 18:27:41] [INFO] Equipos obtenidos desde AD: 2
[2025-11-14 18:27:45] [WARNING] Ping fallido: PCCLIENTE → Inactivo
[2025-11-14 18:28:15] [INFO] Equipos obtenidos desde AD: 2
[2025-11-14 18:28:19] [WARNING] Ping fallido: PCCLIENTE → Inactivo
[2025-11-14 18:28:49] [INFO] Equipos obtenidos desde AD: 2
[2025-11-14 18:28:53] [WARNING] Ping fallido: PCCLIENTE → Inactivo
[2025-11-14 18:29:23] [INFO] Equipos obtenidos desde AD: 2
[2025-11-14 18:29:27] [WARNING] Ping fallido: PCCLIENTE → Inactivo
[2025-11-14 18:29:57] [INFO] Equipos obtenidos desde AD: 2
[2025-11-14 18:30:01] [WARNING] Ping fallido: PCCLIENTE → Inactivo
[2025-11-14 18:30:31] [INFO] Equipos obtenidos desde AD: 2
[2025-11-14 18:30:35] [WARNING] Ping fallido: PCCLIENTE → Inactivo
[2025-11-14 18:31:05] [INFO] Equipos obtenidos desde AD: 2
[2025-11-14 18:31:09] [WARNING] Ping fallido: PCCLIENTE → Inactivo
[2025-11-14 18:31:39] [INFO] Equipos obtenidos desde AD: 2
[2025-11-14 18:31:43] [WARNING] Ping fallido: PCCLIENTE → Inactivo
[2025-11-14 18:32:13] [INFO] Equipos obtenidos desde AD: 2
[2025-11-14 18:32:17] [WARNING] Ping fallido: PCCLIENTE → Inactivo
[2025-11-14 18:32:47] [INFO] Equipos obtenidos desde AD: 2
[2025-11-14 18:32:51] [WARNING] Ping fallido: PCCLIENTE → Inactivo
[2025-11-14 18:33:21] [INFO] Equipos obtenidos desde AD: 2
[2025-11-14 18:33:25] [WARNING] Ping fallido: PCCLIENTE → Inactivo
[2025-11-14 18:33:55] [INFO] Equipos obtenidos desde AD: 2
[2025-11-14 18:33:59] [WARNING] Ping fallido: PCCLIENTE → Inactivo
[2025-11-14 18:34:29] [INFO] Equipos obtenidos desde AD: 2
[2025-11-14 18:34:33] [WARNING] Ping fallido: PCCLIENTE → Inactivo
[2025-11-14 18:35:03] [INFO] Equipos obtenidos desde AD: 2
[2025-11-14 18:35:07] [WARNING] Ping fallido: PCCLIENTE → Inactivo
[2025-11-14 18:35:37] [INFO] Equipos obtenidos desde AD: 2
[2025-11-14 18:35:41] [WARNING] Ping fallido: PCCLIENTE → Inactivo
[2025-11-14 18:36:11] [INFO] Equipos obtenidos desde AD: 2
[2025-11-14 18:36:15] [WARNING] Ping fallido: PCCLIENTE → Inactivo
[2025-11-14 18:36:45] [INFO] Equipos obtenidos desde AD: 2
[2025-11-14 18:36:49] [WARNING] Ping fallido: PCCLIENTE → Inactivo
[2025-11-14 18:37:19] [INFO] Equipos obtenidos desde AD: 2
[2025-11-14 18:37:23] [WARNING] Ping fallido: PCCLIENTE → Inactivo
[2025-11-14 18:37:53] [INFO] Equipos obtenidos desde AD: 2
[2025-11-14 18:37:57] [WARNING] Ping fallido: PCCLIENTE → Inactivo
[2025-11-14 18:38:27] [INFO] Equipos obtenidos desde AD: 2
[2025-11-14 18:38:31] [WARNING] Ping fallido: PCCLIENTE → Inactivo
[2025-11-14 18:39:01] [INFO] Equipos obtenidos desde AD: 2
[2025-11-14 18:39:05] [WARNING] Ping fallido: PCCLIENTE → Inactivo
[2025-11-14 18:39:35] [INFO] Equipos obtenidos desde AD: 2
[2025-11-14 18:39:39] [WARNING] Ping fallido: PCCLIENTE → Inactivo
[2025-11-14 18:40:09] [INFO] Equipos obtenidos desde AD: 2
[2025-11-14 18:40:13] [WARNING] Ping fallido: PCCLIENTE → Inactivo
[2025-11-14 18:40:43] [INFO] Equipos obtenidos desde AD: 2
[2025-11-14 18:40:47] [WARNING] Ping fallido: PCCLIENTE → Inactivo
[2025-11-14 18:41:17] [INFO] Equipos obtenidos desde AD: 2
[2025-11-14 18:41:21] [WARNING] Ping fallido: PCCLIENTE → Inactivo
[2025-11-14 18:41:51] [INFO] Equipos obtenidos desde AD: 2
[2025-11-14 18:41:55] [WARNING] Ping fallido: PCCLIENTE → Inactivo
[2025-11-14 18:42:25] [INFO] Equipos obtenidos desde AD: 2
[2025-11-14 18:42:29] [WARNING] Ping fallido: PCCLIENTE → Inactivo
[2025-11-14 18:42:59] [INFO] Equipos obtenidos desde AD: 2
[2025-11-14 18:43:03] [WARNING] Ping fallido: PCCLIENTE → Inactivo
[2025-11-14 18:43:33] [INFO] Equipos obtenidos desde AD: 2
[2025-11-14 18:43:37] [WARNING] Ping fallido: PCCLIENTE → Inactivo
[2025-11-14 18:44:07] [INFO] Equipos obtenidos desde AD: 2
[2025-11-14 18:44:11] [WARNING] Ping fallido: PCCLIENTE → Inactivo
[2025-11-14 18:44:41] [INFO] Equipos obtenidos desde AD: 2
[2025-11-14 18:44:45] [WARNING] Ping fallido: PCCLIENTE → Inactivo
[2025-11-14 18:45:15] [INFO] Equipos obtenidos desde AD: 2
[2025-11-14 18:45:19] [WARNING] Ping fallido: PCCLIENTE → Inactivo
[2025-11-14 18:45:49] [INFO] Equipos obtenidos desde AD: 2
[2025-11-14 18:45:53] [WARNING] Ping fallido: PCCLIENTE → Inactivo
[2025-11-14 18:46:23] [INFO] Equipos obtenidos desde AD: 2
[2025-11-14 18:46:27] [WARNING] Ping fallido: PCCLIENTE → Inactivo
[2025-11-14 18:46:57] [INFO] Equipos obtenidos desde AD: 2
[2025-11-14 18:47:01] [WARNING] Ping fallido: PCCLIENTE → Inactivo
[2025-11-14 18:47:31] [INFO] Equipos obtenidos desde AD: 2
[2025-11-14 18:47:35] [WARNING] Ping fallido: PCCLIENTE → Inactivo
[2025-11-14 18:48:05] [INFO] Equipos obtenidos desde AD: 2
[2025-11-14 18:48:09] [WARNING] Ping fallido: PCCLIENTE → Inactivo
[2025-11-14 18:48:39] [INFO] Equipos obtenidos desde AD: 2
[2025-11-14 18:48:43] [WARNING] Ping fallido: PCCLIENTE → Inactivo
[2025-11-14 18:49:13] [INFO] Equipos obtenidos desde AD: 2
[2025-11-14 18:49:17] [WARNING] Ping fallido: PCCLIENTE → Inactivo
[2025-11-14 18:49:47] [INFO] Equipos obtenidos desde AD: 2
[2025-11-14 18:49:51] [WARNING] Ping fallido: PCCLIENTE → Inactivo
[2025-11-14 18:50:21] [INFO] Equipos obtenidos desde AD: 2
[2025-11-14 18:50:25] [WARNING] Ping fallido: PCCLIENTE → Inactivo
[2025-11-14 18:50:55] [INFO] Equipos obtenidos desde AD: 2
[2025-11-14 18:50:59] [WARNING] Ping fallido: PCCLIENTE → Inactivo
[2025-11-14 18:51:29] [INFO] Equipos obtenidos desde AD: 2
[2025-11-14 18:51:33] [WARNING] Ping fallido: PCCLIENTE → Inactivo
[2025-11-14 18:52:03] [INFO] Equipos obtenidos desde AD: 2
[2025-11-14 18:52:07] [WARNING] Ping fallido: PCCLIENTE → Inactivo
[2025-11-14 18:52:37] [INFO] Equipos obtenidos desde AD: 2
[2025-11-14 18:52:41] [WARNING] Ping fallido: PCCLIENTE → Inactivo
[2025-11-14 18:53:11] [INFO] Equipos obtenidos desde AD: 2
[2025-11-14 18:53:15] [WARNING] Ping fallido: PCCLIENTE → Inactivo
[2025-11-14 18:53:46] [INFO] Equipos obtenidos desde AD: 2
[2025-11-14 18:53:50] [WARNING] Ping fallido: PCCLIENTE → Inactivo
[2025-11-14 18:54:20] [INFO] Equipos obtenidos desde AD: 2
[2025-11-14 18:54:24] [WARNING] Ping fallido: PCCLIENTE → Inactivo
[2025-11-14 18:54:54] [INFO] Equipos obtenidos desde AD: 2
[2025-11-14 18:54:58] [WARNING] Ping fallido: PCCLIENTE → Inactivo
[2025-11-14 18:55:28] [INFO] Equipos obtenidos desde AD: 2
[2025-11-14 18:55:32] [WARNING] Ping fallido: PCCLIENTE → Inactivo
[2025-11-14 18:56:02] [INFO] Equipos obtenidos desde AD: 2
[2025-11-14 18:56:06] [WARNING] Ping fallido: PCCLIENTE → Inactivo
[2025-11-14 18:56:36] [INFO] Equipos obtenidos desde AD: 2
[2025-11-14 18:56:40] [WARNING] Ping fallido: PCCLIENTE → Inactivo
[2025-11-14 18:57:10] [INFO] Equipos obtenidos desde AD: 2
[2025-11-14 18:57:14] [WARNING] Ping fallido: PCCLIENTE → Inactivo
[2025-11-14 18:57:44] [INFO] Equipos obtenidos desde AD: 2
[2025-11-14 18:57:48] [WARNING] Ping fallido: PCCLIENTE → Inactivo
[2025-11-14 18:58:18] [INFO] Equipos obtenidos desde AD: 2
[2025-11-14 18:58:22] [WARNING] Ping fallido: PCCLIENTE → Inactivo
[2025-11-14 18:58:52] [INFO] Equipos obtenidos desde AD: 2
[2025-11-14 18:58:56] [WARNING] Ping fallido: PCCLIENTE → Inactivo
[2025-11-14 18:59:26] [INFO] Equipos obtenidos desde AD: 2
[2025-11-14 18:59:30] [WARNING] Ping fallido: PCCLIENTE → Inactivo
[2025-11-14 19:00:00] [INFO] Equipos obtenidos desde AD: 2
[2025-11-14 19:00:04] [WARNING] Ping fallido: PCCLIENTE → Inactivo
[2025-11-14 19:00:34] [INFO] Equipos obtenidos desde AD: 2
[2025-11-14 19:00:38] [WARNING] Ping fallido: PCCLIENTE → Inactivo
[2025-11-14 19:01:08] [INFO] Equipos obtenidos desde AD: 2
[2025-11-14 19:01:12] [WARNING] Ping fallido: PCCLIENTE → Inactivo
[2025-11-14 19:01:42] [INFO] Equipos obtenidos desde AD: 2
[2025-11-14 19:01:46] [WARNING] Ping fallido: PCCLIENTE → Inactivo
[2025-11-14 19:02:16] [INFO] Equipos obtenidos desde AD: 2
[2025-11-14 19:02:20] [WARNING] Ping fallido: PCCLIENTE → Inactivo
[2025-11-14 19:02:50] [INFO] Equipos obtenidos desde AD: 2
[2025-11-14 19:02:54] [WARNING] Ping fallido: PCCLIENTE → Inactivo
[2025-11-14 19:03:24] [INFO] Equipos obtenidos desde AD: 2
[2025-11-14 19:03:28] [WARNING] Ping fallido: PCCLIENTE → Inactivo
[2025-11-14 19:03:58] [INFO] Equipos obtenidos desde AD: 2
[2025-11-14 19:04:02] [WARNING] Ping fallido: PCCLIENTE → Inactivo
[2025-11-14 19:04:32] [INFO] Equipos obtenidos desde AD: 2
[2025-11-14 19:04:36] [WARNING] Ping fallido: PCCLIENTE → Inactivo
[2025-11-14 19:05:06] [INFO] Equipos obtenidos desde AD: 2
[2025-11-14 19:05:10] [WARNING] Ping fallido: PCCLIENTE → Inactivo
[2025-11-14 19:05:40] [INFO] Equipos obtenidos desde AD: 2
[2025-11-14 19:05:44] [WARNING] Ping fallido: PCCLIENTE → Inactivo
[2025-11-14 19:06:14] [INFO] Equipos obtenidos desde AD: 2
[2025-11-14 19:06:18] [WARNING] Ping fallido: PCCLIENTE → Inactivo
[2025-11-14 19:06:48] [INFO] Equipos obtenidos desde AD: 2
[2025-11-14 19:06:52] [WARNING] Ping fallido: PCCLIENTE → Inactivo
[2025-11-14 19:07:22] [INFO] Equipos obtenidos desde AD: 2
[2025-11-14 19:07:26] [WARNING] Ping fallido: PCCLIENTE → Inactivo
[2025-11-14 19:07:56] [INFO] Equipos obtenidos desde AD: 2
[2025-11-14 19:08:00] [WARNING] Ping fallido: PCCLIENTE → Inactivo
[2025-11-14 19:08:30] [INFO] Equipos obtenidos desde AD: 2
[2025-11-14 19:08:34] [WARNING] Ping fallido: PCCLIENTE → Inactivo
[2025-11-14 19:09:04] [INFO] Equipos obtenidos desde AD: 2
[2025-11-14 19:09:08] [WARNING] Ping fallido: PCCLIENTE → Inactivo
[2025-11-14 19:09:38] [INFO] Equipos obtenidos desde AD: 2
[2025-11-14 19:09:42] [WARNING] Ping fallido: PCCLIENTE → Inactivo
[2025-11-14 19:10:12] [INFO] Equipos obtenidos desde AD: 2
[2025-11-14 19:10:16] [WARNING] Ping fallido: PCCLIENTE → Inactivo
[2025-11-14 19:10:46] [INFO] Equipos obtenidos desde AD: 2
[2025-11-14 19:10:50] [WARNING] Ping fallido: PCCLIENTE → Inactivo
[2025-11-14 19:11:20] [INFO] Equipos obtenidos desde AD: 2
[2025-11-14 19:11:24] [WARNING] Ping fallido: PCCLIENTE → Inactivo
[2025-11-14 19:11:54] [INFO] Equipos obtenidos desde AD: 2
[2025-11-14 19:11:58] [WARNING] Ping fallido: PCCLIENTE → Inactivo
[2025-11-14 19:12:28] [INFO] Equipos obtenidos desde AD: 2
[2025-11-14 19:12:32] [WARNING] Ping fallido: PCCLIENTE → Inactivo
[2025-11-14 19:13:02] [INFO] Equipos obtenidos desde AD: 2
[2025-11-14 19:13:06] [WARNING] Ping fallido: PCCLIENTE → Inactivo
[2025-11-14 19:13:36] [INFO] Equipos obtenidos desde AD: 2
[2025-11-14 19:13:40] [WARNING] Ping fallido: PCCLIENTE → Inactivo
[2025-11-14 19:14:10] [INFO] Equipos obtenidos desde AD: 2
[2025-11-14 19:14:14] [WARNING] Ping fallido: PCCLIENTE → Inactivo
[2025-11-14 19:14:44] [INFO] Equipos obtenidos desde AD: 2
[2025-11-14 19:14:48] [WARNING] Ping fallido: PCCLIENTE → Inactivo
[2025-11-14 19:15:18] [INFO] Equipos obtenidos desde AD: 2
[2025-11-14 19:15:22] [WARNING] Ping fallido: PCCLIENTE → Inactivo
[2025-11-14 19:15:52] [INFO] Equipos obtenidos desde AD: 2
[2025-11-14 19:15:56] [WARNING] Ping fallido: PCCLIENTE → Inactivo
[2025-11-14 19:16:26] [INFO] Equipos obtenidos desde AD: 2
[2025-11-14 19:16:30] [WARNING] Ping fallido: PCCLIENTE → Inactivo
[2025-11-14 19:17:00] [INFO] Equipos obtenidos desde AD: 2
[2025-11-14 19:17:04] [WARNING] Ping fallido: PCCLIENTE → Inactivo
[2025-11-14 19:17:34] [INFO] Equipos obtenidos desde AD: 2
[2025-11-14 19:17:38] [WARNING] Ping fallido: PCCLIENTE → Inactivo
[2025-11-14 19:18:08] [INFO] Equipos obtenidos desde AD: 2
[2025-11-14 19:18:12] [WARNING] Ping fallido: PCCLIENTE → Inactivo
[2025-11-14 19:18:42] [INFO] Equipos obtenidos desde AD: 2
[2025-11-14 19:18:46] [WARNING] Ping fallido: PCCLIENTE → Inactivo
[2025-11-14 19:19:30] [INFO] Equipos obtenidos desde AD: 2
[2025-11-14 19:19:34] [WARNING] Ping fallido: PCCLIENTE → Inactivo
[2025-11-14 19:20:04] [INFO] Equipos obtenidos desde AD: 2
[2025-11-14 19:20:08] [WARNING] Ping fallido: PCCLIENTE → Inactivo
[2025-11-14 19:20:38] [INFO] Equipos obtenidos desde AD: 2
[2025-11-14 19:20:42] [WARNING] Ping fallido: PCCLIENTE → Inactivo
[2025-11-14 19:21:12] [INFO] Equipos obtenidos desde AD: 2
[2025-11-14 19:21:16] [WARNING] Ping fallido: PCCLIENTE → Inactivo
[2025-11-14 19:21:46] [INFO] Equipos obtenidos desde AD: 2
[2025-11-14 19:21:50] [WARNING] Ping fallido: PCCLIENTE → Inactivo
[2025-11-14 19:22:20] [INFO] Equipos obtenidos desde AD: 2
[2025-11-14 19:22:24] [WARNING] Ping fallido: PCCLIENTE → Inactivo
[2025-11-14 19:22:54] [INFO] Equipos obtenidos desde AD: 2
[2025-11-14 19:22:58] [WARNING] Ping fallido: PCCLIENTE → Inactivo
[2025-11-14 19:23:28] [INFO] Equipos obtenidos desde AD: 2
[2025-11-14 19:23:32] [WARNING] Ping fallido: PCCLIENTE → Inactivo
[2025-11-14 19:24:02] [INFO] Equipos obtenidos desde AD: 2
[2025-11-14 19:24:06] [WARNING] Ping fallido: PCCLIENTE → Inactivo
[2025-11-14 19:24:36] [INFO] Equipos obtenidos desde AD: 2
[2025-11-14 19:24:40] [WARNING] Ping fallido: PCCLIENTE → Inactivo
[2025-11-14 19:25:10] [INFO] Equipos obtenidos desde AD: 2
[2025-11-14 19:25:14] [WARNING] Ping fallido: PCCLIENTE → Inactivo
[2025-11-14 19:25:44] [INFO] Equipos obtenidos desde AD: 2
[2025-11-14 19:25:48] [WARNING] Ping fallido: PCCLIENTE → Inactivo
[2025-11-14 19:26:18] [INFO] Equipos obtenidos desde AD: 2
[2025-11-14 19:26:22] [WARNING] Ping fallido: PCCLIENTE → Inactivo
[2025-11-14 19:26:52] [INFO] Equipos obtenidos desde AD: 2
[2025-11-14 19:26:56] [WARNING] Ping fallido: PCCLIENTE → Inactivo
[2025-11-14 19:27:26] [INFO] Equipos obtenidos desde AD: 2
[2025-11-14 19:27:30] [WARNING] Ping fallido: PCCLIENTE → Inactivo
[2025-11-14 19:28:00] [INFO] Equipos obtenidos desde AD: 2
[2025-11-14 19:28:04] [WARNING] Ping fallido: PCCLIENTE → Inactivo
[2025-11-14 19:28:34] [INFO] Equipos obtenidos desde AD: 2
[2025-11-14 19:28:38] [WARNING] Ping fallido: PCCLIENTE → Inactivo
[2025-11-14 19:29:08] [INFO] Equipos obtenidos desde AD: 2
[2025-11-14 19:29:12] [WARNING] Ping fallido: PCCLIENTE → Inactivo
[2025-11-14 19:29:42] [INFO] Equipos obtenidos desde AD: 2
[2025-11-14 19:29:46] [WARNING] Ping fallido: PCCLIENTE → Inactivo
[2025-11-14 19:30:16] [INFO] Equipos obtenidos desde AD: 2
[2025-11-14 19:30:20] [WARNING] Ping fallido: PCCLIENTE → Inactivo
[2025-11-14 19:30:50] [INFO] Equipos obtenidos desde AD: 2
[2025-11-14 19:30:54] [WARNING] Ping fallido: PCCLIENTE → Inactivo
[2025-11-14 19:31:32] [INFO] Equipos obtenidos desde AD: 2
[2025-11-14 19:31:36] [WARNING] Ping fallido: PCCLIENTE → Inactivo
[2025-11-14 19:32:06] [INFO] Equipos obtenidos desde AD: 2
[2025-11-14 19:32:10] [WARNING] Ping fallido: PCCLIENTE → Inactivo
[2025-11-14 19:32:40] [INFO] Equipos obtenidos desde AD: 2
[2025-11-14 19:32:44] [WARNING] Ping fallido: PCCLIENTE → Inactivo
[2025-11-14 19:33:14] [INFO] Equipos obtenidos desde AD: 2
[2025-11-14 19:33:18] [WARNING] Ping fallido: PCCLIENTE → Inactivo
[2025-11-14 19:33:48] [INFO] Equipos obtenidos desde AD: 2
[2025-11-14 19:33:52] [WARNING] Ping fallido: PCCLIENTE → Inactivo
[2025-11-14 19:34:22] [INFO] Equipos obtenidos desde AD: 2
[2025-11-14 19:34:26] [WARNING] Ping fallido: PCCLIENTE → Inactivo
[2025-11-14 19:34:56] [INFO] Equipos obtenidos desde AD: 2
[2025-11-14 19:35:00] [WARNING] Ping fallido: PCCLIENTE → Inactivo
[2025-11-14 19:35:30] [INFO] Equipos obtenidos desde AD: 2
[2025-11-14 19:35:34] [WARNING] Ping fallido: PCCLIENTE → Inactivo
[2025-11-14 19:36:04] [INFO] Equipos obtenidos desde AD: 2
[2025-11-14 19:36:08] [WARNING] Ping fallido: PCCLIENTE → Inactivo
[2025-11-14 19:36:38] [INFO] Equipos obtenidos desde AD: 2
[2025-11-14 19:36:42] [WARNING] Ping fallido: PCCLIENTE → Inactivo
[2025-11-14 19:37:12] [INFO] Equipos obtenidos desde AD: 2
[2025-11-14 19:37:16] [WARNING] Ping fallido: PCCLIENTE → Inactivo
[2025-11-14 19:37:46] [INFO] Equipos obtenidos desde AD: 2
[2025-11-14 19:37:50] [WARNING] Ping fallido: PCCLIENTE → Inactivo
[2025-11-14 19:38:20] [INFO] Equipos obtenidos desde AD: 2
[2025-11-14 19:38:24] [WARNING] Ping fallido: PCCLIENTE → Inactivo
[2025-11-14 19:38:54] [INFO] Equipos obtenidos desde AD: 2
[2025-11-14 19:38:58] [WARNING] Ping fallido: PCCLIENTE → Inactivo
[2025-11-14 19:39:28] [INFO] Equipos obtenidos desde AD: 2
[2025-11-14 19:39:32] [WARNING] Ping fallido: PCCLIENTE → Inactivo
[2025-11-14 19:40:02] [INFO] Equipos obtenidos desde AD: 2
[2025-11-14 19:40:06] [WARNING] Ping fallido: PCCLIENTE → Inactivo
[2025-11-14 19:40:37] [INFO] Equipos obtenidos desde AD: 2
[2025-11-14 19:40:41] [WARNING] Ping fallido: PCCLIENTE → Inactivo
[2025-11-14 19:41:11] [INFO] Equipos obtenidos desde AD: 2
[2025-11-14 19:41:15] [WARNING] Ping fallido: PCCLIENTE → Inactivo
[2025-11-14 19:41:45] [INFO] Equipos obtenidos desde AD: 2
[2025-11-14 19:41:49] [WARNING] Ping fallido: PCCLIENTE → Inactivo
[2025-11-14 19:42:19] [INFO] Equipos obtenidos desde AD: 2
[2025-11-14 19:42:23] [WARNING] Ping fallido: PCCLIENTE → Inactivo
[2025-11-14 19:42:53] [INFO] Equipos obtenidos desde AD: 2
[2025-11-14 19:42:57] [WARNING] Ping fallido: PCCLIENTE → Inactivo
[2025-11-14 19:43:27] [INFO] Equipos obtenidos desde AD: 2
[2025-11-14 19:43:31] [WARNING] Ping fallido: PCCLIENTE → Inactivo
[2025-11-14 19:44:01] [INFO] Equipos obtenidos desde AD: 2
[2025-11-14 19:44:05] [WARNING] Ping fallido: PCCLIENTE → Inactivo
[2025-11-14 19:44:35] [INFO] Equipos obtenidos desde AD: 2
[2025-11-14 19:44:39] [WARNING] Ping fallido: PCCLIENTE → Inactivo
[2025-11-14 19:45:09] [INFO] Equipos obtenidos desde AD: 2
[2025-11-14 19:45:13] [WARNING] Ping fallido: PCCLIENTE → Inactivo
[2025-11-14 19:45:43] [INFO] Equipos obtenidos desde AD: 2
[2025-11-14 19:45:47] [WARNING] Ping fallido: PCCLIENTE → Inactivo
[2025-11-14 19:46:17] [INFO] Equipos obtenidos desde AD: 2
[2025-11-14 19:46:21] [WARNING] Ping fallido: PCCLIENTE → Inactivo
[2025-11-14 19:46:51] [INFO] Equipos obtenidos desde AD: 2
[2025-11-14 19:46:55] [WARNING] Ping fallido: PCCLIENTE → Inactivo
[2025-11-14 19:47:25] [INFO] Equipos obtenidos desde AD: 2
[2025-11-14 19:47:29] [WARNING] Ping fallido: PCCLIENTE → Inactivo
[2025-11-14 19:47:59] [INFO] Equipos obtenidos desde AD: 2
[2025-11-14 19:48:03] [WARNING] Ping fallido: PCCLIENTE → Inactivo
[2025-11-14 19:48:33] [INFO] Equipos obtenidos desde AD: 2
[2025-11-14 19:48:37] [WARNING] Ping fallido: PCCLIENTE → Inactivo
[2025-11-14 19:49:07] [INFO] Equipos obtenidos desde AD: 2
[2025-11-14 19:49:11] [WARNING] Ping fallido: PCCLIENTE → Inactivo
[2025-11-14 19:49:41] [INFO] Equipos obtenidos desde AD: 2
[2025-11-14 19:49:45] [WARNING] Ping fallido: PCCLIENTE → Inactivo
[2025-11-14 19:50:15] [INFO] Equipos obtenidos desde AD: 2
[2025-11-14 19:50:19] [WARNING] Ping fallido: PCCLIENTE → Inactivo
[2025-11-14 19:50:49] [INFO] Equipos obtenidos desde AD: 2
[2025-11-14 19:50:53] [WARNING] Ping fallido: PCCLIENTE → Inactivo
[2025-11-14 19:51:23] [INFO] Equipos obtenidos desde AD: 2
[2025-11-14 19:51:27] [WARNING] Ping fallido: PCCLIENTE → Inactivo
[2025-11-14 19:51:57] [INFO] Equipos obtenidos desde AD: 2
[2025-11-14 19:52:01] [WARNING] Ping fallido: PCCLIENTE → Inactivo
[2025-11-14 19:52:31] [INFO] Equipos obtenidos desde AD: 2
[2025-11-14 19:52:35] [WARNING] Ping fallido: PCCLIENTE → Inactivo
[2025-11-14 19:53:05] [INFO] Equipos obtenidos desde AD: 2
[2025-11-14 19:53:09] [WARNING] Ping fallido: PCCLIENTE → Inactivo
[2025-11-14 19:53:39] [INFO] Equipos obtenidos desde AD: 2
[2025-11-14 19:53:43] [WARNING] Ping fallido: PCCLIENTE → Inactivo
[2025-11-14 19:54:13] [INFO] Equipos obtenidos desde AD: 2
[2025-11-14 19:54:17] [WARNING] Ping fallido: PCCLIENTE → Inactivo
[2025-11-14 19:54:47] [INFO] Equipos obtenidos desde AD: 2
[2025-11-14 19:54:51] [WARNING] Ping fallido: PCCLIENTE → Inactivo
[2025-11-14 19:55:21] [INFO] Equipos obtenidos desde AD: 2
[2025-11-14 19:55:25] [WARNING] Ping fallido: PCCLIENTE → Inactivo
[2025-11-14 19:55:55] [INFO] Equipos obtenidos desde AD: 2
[2025-11-14 19:55:59] [WARNING] Ping fallido: PCCLIENTE → Inactivo
[2025-11-14 19:56:29] [INFO] Equipos obtenidos desde AD: 2
[2025-11-14 19:56:33] [WARNING] Ping fallido: PCCLIENTE → Inactivo
[2025-11-14 19:57:03] [INFO] Equipos obtenidos desde AD: 2
[2025-11-14 19:57:07] [WARNING] Ping fallido: PCCLIENTE → Inactivo
[2025-11-14 19:57:37] [INFO] Equipos obtenidos desde AD: 2
[2025-11-14 19:57:41] [WARNING] Ping fallido: PCCLIENTE → Inactivo
[2025-11-14 19:58:11] [INFO] Equipos obtenidos desde AD: 2
[2025-11-14 19:58:15] [WARNING] Ping fallido: PCCLIENTE → Inactivo
[2025-11-14 19:58:45] [INFO] Equipos obtenidos desde AD: 2
[2025-11-14 19:58:49] [WARNING] Ping fallido: PCCLIENTE → Inactivo
[2025-11-14 19:59:19] [INFO] Equipos obtenidos desde AD: 2
[2025-11-14 19:59:23] [WARNING] Ping fallido: PCCLIENTE → Inactivo
[2025-11-14 19:59:53] [INFO] Equipos obtenidos desde AD: 2
[2025-11-14 19:59:57] [WARNING] Ping fallido: PCCLIENTE → Inactivo
[2025-11-14 20:00:27] [INFO] Equipos obtenidos desde AD: 2
[2025-11-14 20:00:31] [WARNING] Ping fallido: PCCLIENTE → Inactivo
[2025-11-14 20:01:01] [INFO] Equipos obtenidos desde AD: 2
[2025-11-14 20:01:05] [WARNING] Ping fallido: PCCLIENTE → Inactivo
[2025-11-14 20:01:35] [INFO] Equipos obtenidos desde AD: 2
[2025-11-14 20:01:39] [WARNING] Ping fallido: PCCLIENTE → Inactivo
[2025-11-14 20:02:09] [INFO] Equipos obtenidos desde AD: 2
[2025-11-14 20:02:13] [WARNING] Ping fallido: PCCLIENTE → Inactivo
[2025-11-14 20:02:43] [INFO] Equipos obtenidos desde AD: 2
[2025-11-14 20:02:47] [WARNING] Ping fallido: PCCLIENTE → Inactivo
[2025-11-14 20:03:17] [INFO] Equipos obtenidos desde AD: 2
[2025-11-14 20:03:21] [WARNING] Ping fallido: PCCLIENTE → Inactivo
[2025-11-14 20:03:51] [INFO] Equipos obtenidos desde AD: 2
[2025-11-14 20:03:55] [WARNING] Ping fallido: PCCLIENTE → Inactivo
[2025-11-14 20:04:25] [INFO] Equipos obtenidos desde AD: 2
[2025-11-14 20:04:29] [WARNING] Ping fallido: PCCLIENTE → Inactivo
[2025-11-14 20:04:59] [INFO] Equipos obtenidos desde AD: 2
[2025-11-14 20:05:03] [WARNING] Ping fallido: PCCLIENTE → Inactivo
[2025-11-14 20:05:33] [INFO] Equipos obtenidos desde AD: 2
[2025-11-14 20:05:37] [WARNING] Ping fallido: PCCLIENTE → Inactivo
[2025-11-14 20:06:07] [INFO] Equipos obtenidos desde AD: 2
[2025-11-14 20:06:11] [WARNING] Ping fallido: PCCLIENTE → Inactivo
[2025-11-14 20:06:41] [INFO] Equipos obtenidos desde AD: 2
[2025-11-14 20:06:45] [WARNING] Ping fallido: PCCLIENTE → Inactivo
[2025-11-14 20:07:15] [INFO] Equipos obtenidos desde AD: 2
[2025-11-14 20:07:19] [WARNING] Ping fallido: PCCLIENTE → Inactivo
[2025-11-14 20:07:49] [INFO] Equipos obtenidos desde AD: 2
[2025-11-14 20:07:53] [WARNING] Ping fallido: PCCLIENTE → Inactivo
[2025-11-14 20:08:23] [INFO] Equipos obtenidos desde AD: 2
[2025-11-14 20:08:27] [WARNING] Ping fallido: PCCLIENTE → Inactivo
[2025-11-14 20:08:57] [INFO] Equipos obtenidos desde AD: 2
[2025-11-14 20:09:01] [WARNING] Ping fallido: PCCLIENTE → Inactivo
[2025-11-14 20:09:31] [INFO] Equipos obtenidos desde AD: 2
[2025-11-14 20:09:35] [WARNING] Ping fallido: PCCLIENTE → Inactivo
[2025-11-14 20:10:05] [INFO] Equipos obtenidos desde AD: 2
[2025-11-14 20:10:09] [WARNING] Ping fallido: PCCLIENTE → Inactivo
[2025-11-14 20:10:39] [INFO] Equipos obtenidos desde AD: 2
[2025-11-14 20:10:43] [WARNING] Ping fallido: PCCLIENTE → Inactivo
[2025-11-14 20:11:13] [INFO] Equipos obtenidos desde AD: 2
[2025-11-14 20:11:17] [WARNING] Ping fallido: PCCLIENTE → Inactivo
[2025-11-14 20:11:47] [INFO] Equipos obtenidos desde AD: 2
[2025-11-14 20:11:51] [WARNING] Ping fallido: PCCLIENTE → Inactivo
[2025-11-14 20:12:21] [INFO] Equipos obtenidos desde AD: 2
[2025-11-14 20:12:25] [WARNING] Ping fallido: PCCLIENTE → Inactivo
[2025-11-14 20:12:55] [INFO] Equipos obtenidos desde AD: 2
[2025-11-14 20:12:59] [WARNING] Ping fallido: PCCLIENTE → Inactivo
[2025-11-14 20:13:29] [INFO] Equipos obtenidos desde AD: 2
[2025-11-14 20:13:33] [WARNING] Ping fallido: PCCLIENTE → Inactivo
[2025-11-14 20:14:03] [INFO] Equipos obtenidos desde AD: 2
[2025-11-14 20:14:07] [WARNING] Ping fallido: PCCLIENTE → Inactivo
[2025-11-14 20:14:37] [INFO] Equipos obtenidos desde AD: 2
[2025-11-14 20:14:41] [WARNING] Ping fallido: PCCLIENTE → Inactivo
[2025-11-14 20:15:11] [INFO] Equipos obtenidos desde AD: 2
[2025-11-14 20:15:15] [WARNING] Ping fallido: PCCLIENTE → Inactivo
[2025-11-14 20:15:45] [INFO] Equipos obtenidos desde AD: 2
[2025-11-14 20:15:49] [WARNING] Ping fallido: PCCLIENTE → Inactivo
[2025-11-14 20:16:19] [INFO] Equipos obtenidos desde AD: 2
[2025-11-14 20:16:23] [WARNING] Ping fallido: PCCLIENTE → Inactivo
[2025-11-14 20:16:53] [INFO] Equipos obtenidos desde AD: 2
[2025-11-14 20:16:57] [WARNING] Ping fallido: PCCLIENTE → Inactivo
[2025-11-14 20:17:27] [INFO] Equipos obtenidos desde AD: 2
[2025-11-14 20:17:31] [WARNING] Ping fallido: PCCLIENTE → Inactivo
[2025-11-14 20:18:01] [INFO] Equipos obtenidos desde AD: 2
[2025-11-14 20:18:05] [WARNING] Ping fallido: PCCLIENTE → Inactivo
[2025-11-14 20:18:35] [INFO] Equipos obtenidos desde AD: 2
[2025-11-14 20:18:39] [WARNING] Ping fallido: PCCLIENTE → Inactivo
[2025-11-14 20:19:09] [INFO] Equipos obtenidos desde AD: 2
[2025-11-14 20:19:13] [WARNING] Ping fallido: PCCLIENTE → Inactivo
[2025-11-14 20:19:43] [INFO] Equipos obtenidos desde AD: 2
[2025-11-14 20:19:47] [WARNING] Ping fallido: PCCLIENTE → Inactivo
[2025-11-14 20:20:17] [INFO] Equipos obtenidos desde AD: 2
[2025-11-14 20:20:21] [WARNING] Ping fallido: PCCLIENTE → Inactivo
[2025-11-14 20:20:51] [INFO] Equipos obtenidos desde AD: 2
[2025-11-14 20:20:55] [WARNING] Ping fallido: PCCLIENTE → Inactivo
[2025-11-14 20:21:25] [INFO] Equipos obtenidos desde AD: 2
[2025-11-14 20:21:29] [WARNING] Ping fallido: PCCLIENTE → Inactivo
[2025-11-14 20:21:59] [INFO] Equipos obtenidos desde AD: 2
[2025-11-14 20:22:03] [WARNING] Ping fallido: PCCLIENTE → Inactivo
[2025-11-14 20:22:33] [INFO] Equipos obtenidos desde AD: 2
[2025-11-14 20:22:37] [WARNING] Ping fallido: PCCLIENTE → Inactivo
[2025-11-14 20:23:07] [INFO] Equipos obtenidos desde AD: 2
[2025-11-14 20:23:11] [WARNING] Ping fallido: PCCLIENTE → Inactivo
[2025-11-14 20:23:41] [INFO] Equipos obtenidos desde AD: 2
[2025-11-14 20:23:45] [WARNING] Ping fallido: PCCLIENTE → Inactivo
[2025-11-14 20:24:15] [INFO] Equipos obtenidos desde AD: 2
[2025-11-14 20:24:19] [WARNING] Ping fallido: PCCLIENTE → Inactivo
[2025-11-14 20:24:49] [INFO] Equipos obtenidos desde AD: 2
[2025-11-14 20:24:53] [WARNING] Ping fallido: PCCLIENTE → Inactivo
[2025-11-14 20:25:23] [INFO] Equipos obtenidos desde AD: 2
[2025-11-14 20:25:27] [WARNING] Ping fallido: PCCLIENTE → Inactivo
[2025-11-14 20:25:57] [INFO] Equipos obtenidos desde AD: 2
[2025-11-14 20:26:01] [WARNING] Ping fallido: PCCLIENTE → Inactivo
[2025-11-14 20:26:31] [INFO] Equipos obtenidos desde AD: 2
[2025-11-14 20:26:35] [WARNING] Ping fallido: PCCLIENTE → Inactivo
[2025-11-14 20:27:05] [INFO] Equipos obtenidos desde AD: 2
[2025-11-14 20:27:09] [WARNING] Ping fallido: PCCLIENTE → Inactivo
[2025-11-14 20:27:39] [INFO] Equipos obtenidos desde AD: 2
[2025-11-14 20:27:43] [WARNING] Ping fallido: PCCLIENTE → Inactivo
[2025-11-14 20:28:13] [INFO] Equipos obtenidos desde AD: 2
[2025-11-14 20:28:17] [WARNING] Ping fallido: PCCLIENTE → Inactivo
[2025-11-14 20:28:47] [INFO] Equipos obtenidos desde AD: 2
[2025-11-14 20:28:51] [WARNING] Ping fallido: PCCLIENTE → Inactivo
[2025-11-14 20:29:21] [INFO] Equipos obtenidos desde AD: 2
[2025-11-14 20:29:25] [WARNING] Ping fallido: PCCLIENTE → Inactivo
[2025-11-14 20:29:55] [INFO] Equipos obtenidos desde AD: 2
[2025-11-14 20:29:59] [WARNING] Ping fallido: PCCLIENTE → Inactivo
[2025-11-14 20:30:29] [INFO] Equipos obtenidos desde AD: 2
[2025-11-14 20:30:33] [WARNING] Ping fallido: PCCLIENTE → Inactivo
[2025-11-14 20:31:03] [INFO] Equipos obtenidos desde AD: 2
[2025-11-14 20:31:07] [WARNING] Ping fallido: PCCLIENTE → Inactivo
[2025-11-14 20:31:37] [INFO] Equipos obtenidos desde AD: 2
[2025-11-14 20:31:41] [WARNING] Ping fallido: PCCLIENTE → Inactivo
[2025-11-14 20:32:11] [INFO] Equipos obtenidos desde AD: 2
[2025-11-14 20:32:15] [WARNING] Ping fallido: PCCLIENTE → Inactivo
[2025-11-14 20:32:45] [INFO] Equipos obtenidos desde AD: 2
[2025-11-14 20:32:49] [WARNING] Ping fallido: PCCLIENTE → Inactivo
[2025-11-14 20:33:19] [INFO] Equipos obtenidos desde AD: 2
[2025-11-14 20:33:23] [WARNING] Ping fallido: PCCLIENTE → Inactivo
[2025-11-14 20:33:53] [INFO] Equipos obtenidos desde AD: 2
[2025-11-14 20:33:57] [WARNING] Ping fallido: PCCLIENTE → Inactivo
[2025-11-14 20:34:27] [INFO] Equipos obtenidos desde AD: 2
[2025-11-14 20:34:31] [WARNING] Ping fallido: PCCLIENTE → Inactivo
[2025-11-14 20:35:01] [INFO] Equipos obtenidos desde AD: 2
[2025-11-14 20:35:05] [WARNING] Ping fallido: PCCLIENTE → Inactivo
[2025-11-14 20:35:35] [INFO] Equipos obtenidos desde AD: 2
[2025-11-14 20:35:39] [WARNING] Ping fallido: PCCLIENTE → Inactivo
[2025-11-14 20:36:09] [INFO] Equipos obtenidos desde AD: 2
[2025-11-14 20:36:13] [WARNING] Ping fallido: PCCLIENTE → Inactivo
[2025-11-14 20:36:43] [INFO] Equipos obtenidos desde AD: 2
[2025-11-14 20:36:47] [WARNING] Ping fallido: PCCLIENTE → Inactivo
[2025-11-14 20:37:17] [INFO] Equipos obtenidos desde AD: 2
[2025-11-14 20:37:21] [WARNING] Ping fallido: PCCLIENTE → Inactivo
[2025-11-14 20:37:51] [INFO] Equipos obtenidos desde AD: 2
[2025-11-14 20:37:55] [WARNING] Ping fallido: PCCLIENTE → Inactivo
[2025-11-14 20:38:25] [INFO] Equipos obtenidos desde AD: 2
[2025-11-14 20:38:29] [WARNING] Ping fallido: PCCLIENTE → Inactivo
[2025-11-14 20:38:59] [INFO] Equipos obtenidos desde AD: 2
[2025-11-14 20:39:03] [WARNING] Ping fallido: PCCLIENTE → Inactivo
[2025-11-14 20:39:33] [INFO] Equipos obtenidos desde AD: 2
[2025-11-14 20:39:37] [WARNING] Ping fallido: PCCLIENTE → Inactivo
[2025-11-14 20:40:07] [INFO] Equipos obtenidos desde AD: 2
[2025-11-14 20:40:11] [WARNING] Ping fallido: PCCLIENTE → Inactivo
[2025-11-14 20:40:41] [INFO] Equipos obtenidos desde AD: 2
[2025-11-14 20:40:45] [WARNING] Ping fallido: PCCLIENTE → Inactivo
[2025-11-14 20:41:15] [INFO] Equipos obtenidos desde AD: 2
[2025-11-14 20:41:19] [WARNING] Ping fallido: PCCLIENTE → Inactivo
[2025-11-14 20:41:49] [INFO] Equipos obtenidos desde AD: 2
[2025-11-14 20:41:53] [WARNING] Ping fallido: PCCLIENTE → Inactivo
[2025-11-14 20:42:23] [INFO] Equipos obtenidos desde AD: 2
[2025-11-14 20:42:27] [WARNING] Ping fallido: PCCLIENTE → Inactivo
[2025-11-14 20:42:57] [INFO] Equipos obtenidos desde AD: 2
[2025-11-14 20:43:01] [WARNING] Ping fallido: PCCLIENTE → Inactivo
[2025-11-14 20:43:31] [INFO] Equipos obtenidos desde AD: 2
[2025-11-14 20:43:35] [WARNING] Ping fallido: PCCLIENTE → Inactivo
[2025-11-14 20:44:05] [INFO] Equipos obtenidos desde AD: 2
[2025-11-14 20:44:09] [WARNING] Ping fallido: PCCLIENTE → Inactivo
[2025-11-14 20:44:39] [INFO] Equipos obtenidos desde AD: 2
[2025-11-14 20:44:43] [WARNING] Ping fallido: PCCLIENTE → Inactivo
[2025-11-14 20:45:13] [INFO] Equipos obtenidos desde AD: 2
[2025-11-14 20:45:17] [WARNING] Ping fallido: PCCLIENTE → Inactivo
[2025-11-14 20:45:47] [INFO] Equipos obtenidos desde AD: 2
[2025-11-14 20:45:51] [WARNING] Ping fallido: PCCLIENTE → Inactivo
[2025-11-14 20:46:21] [INFO] Equipos obtenidos desde AD: 2
[2025-11-14 20:46:25] [WARNING] Ping fallido: PCCLIENTE → Inactivo
[2025-11-14 20:46:55] [INFO] Equipos obtenidos desde AD: 2
[2025-11-14 20:46:59] [WARNING] Ping fallido: PCCLIENTE → Inactivo
[2025-11-14 20:47:29] [INFO] Equipos obtenidos desde AD: 2
[2025-11-14 20:47:33] [WARNING] Ping fallido: PCCLIENTE → Inactivo
[2025-11-14 20:48:03] [INFO] Equipos obtenidos desde AD: 2
[2025-11-14 20:48:07] [WARNING] Ping fallido: PCCLIENTE → Inactivo
[2025-11-14 20:48:37] [INFO] Equipos obtenidos desde AD: 2
[2025-11-14 20:48:41] [WARNING] Ping fallido: PCCLIENTE → Inactivo
[2025-11-14 20:49:11] [INFO] Equipos obtenidos desde AD: 2
[2025-11-14 20:49:15] [WARNING] Ping fallido: PCCLIENTE → Inactivo
[2025-11-14 20:49:45] [INFO] Equipos obtenidos desde AD: 2
[2025-11-14 20:49:49] [WARNING] Ping fallido: PCCLIENTE → Inactivo
[2025-11-14 20:50:19] [INFO] Equipos obtenidos desde AD: 2
[2025-11-14 20:50:23] [WARNING] Ping fallido: PCCLIENTE → Inactivo
[2025-11-14 20:50:53] [INFO] Equipos obtenidos desde AD: 2
[2025-11-14 20:50:57] [WARNING] Ping fallido: PCCLIENTE → Inactivo
[2025-11-14 20:51:27] [INFO] Equipos obtenidos desde AD: 2
[2025-11-14 20:51:31] [WARNING] Ping fallido: PCCLIENTE → Inactivo
[2025-11-14 20:52:01] [INFO] Equipos obtenidos desde AD: 2
[2025-11-14 20:52:05] [WARNING] Ping fallido: PCCLIENTE → Inactivo
[2025-11-14 20:52:35] [INFO] Equipos obtenidos desde AD: 2
[2025-11-14 20:52:39] [WARNING] Ping fallido: PCCLIENTE → Inactivo
[2025-11-14 20:53:09] [INFO] Equipos obtenidos desde AD: 2
[2025-11-14 20:53:13] [WARNING] Ping fallido: PCCLIENTE → Inactivo
[2025-11-14 20:53:43] [INFO] Equipos obtenidos desde AD: 2
[2025-11-14 20:53:47] [WARNING] Ping fallido: PCCLIENTE → Inactivo
[2025-11-14 20:54:17] [INFO] Equipos obtenidos desde AD: 2
[2025-11-14 20:54:21] [WARNING] Ping fallido: PCCLIENTE → Inactivo
[2025-11-14 20:54:51] [INFO] Equipos obtenidos desde AD: 2
[2025-11-14 20:54:55] [WARNING] Ping fallido: PCCLIENTE → Inactivo
[2025-11-14 20:55:25] [INFO] Equipos obtenidos desde AD: 2
[2025-11-14 20:55:29] [WARNING] Ping fallido: PCCLIENTE → Inactivo
[2025-11-14 20:55:59] [INFO] Equipos obtenidos desde AD: 2
[2025-11-14 20:56:03] [WARNING] Ping fallido: PCCLIENTE → Inactivo
[2025-11-14 20:56:33] [INFO] Equipos obtenidos desde AD: 2
[2025-11-14 20:56:37] [WARNING] Ping fallido: PCCLIENTE → Inactivo
[2025-11-14 20:57:07] [INFO] Equipos obtenidos desde AD: 2
[2025-11-14 20:57:11] [WARNING] Ping fallido: PCCLIENTE → Inactivo
[2025-11-14 20:57:41] [INFO] Equipos obtenidos desde AD: 2
[2025-11-14 20:57:45] [WARNING] Ping fallido: PCCLIENTE → Inactivo
[2025-11-14 20:58:15] [INFO] Equipos obtenidos desde AD: 2
[2025-11-14 20:58:19] [WARNING] Ping fallido: PCCLIENTE → Inactivo
[2025-11-14 20:58:49] [INFO] Equipos obtenidos desde AD: 2
[2025-11-14 20:58:53] [WARNING] Ping fallido: PCCLIENTE → Inactivo
[2025-11-14 20:59:23] [INFO] Equipos obtenidos desde AD: 2
[2025-11-14 20:59:27] [WARNING] Ping fallido: PCCLIENTE → Inactivo
[2025-11-14 20:59:57] [INFO] Equipos obtenidos desde AD: 2
[2025-11-14 21:00:01] [WARNING] Ping fallido: PCCLIENTE → Inactivo
[2025-11-14 21:00:31] [INFO] Equipos obtenidos desde AD: 2
[2025-11-14 21:00:35] [WARNING] Ping fallido: PCCLIENTE → Inactivo
[2025-11-14 21:01:05] [INFO] Equipos obtenidos desde AD: 2
[2025-11-14 21:01:09] [WARNING] Ping fallido: PCCLIENTE → Inactivo
[2025-11-14 21:01:39] [INFO] Equipos obtenidos desde AD: 2
[2025-11-14 21:01:43] [WARNING] Ping fallido: PCCLIENTE → Inactivo
[2025-11-14 21:02:13] [INFO] Equipos obtenidos desde AD: 2
[2025-11-14 21:02:17] [WARNING] Ping fallido: PCCLIENTE → Inactivo
[2025-11-14 21:02:47] [INFO] Equipos obtenidos desde AD: 2
[2025-11-14 21:02:51] [WARNING] Ping fallido: PCCLIENTE → Inactivo
[2025-11-14 21:03:21] [INFO] Equipos obtenidos desde AD: 2
[2025-11-14 21:03:25] [WARNING] Ping fallido: PCCLIENTE → Inactivo
[2025-11-14 21:03:55] [INFO] Equipos obtenidos desde AD: 2
[2025-11-14 21:03:59] [WARNING] Ping fallido: PCCLIENTE → Inactivo
[2025-11-14 21:04:29] [INFO] Equipos obtenidos desde AD: 2
[2025-11-14 21:04:33] [WARNING] Ping fallido: PCCLIENTE → Inactivo
[2025-11-14 21:05:03] [INFO] Equipos obtenidos desde AD: 2
[2025-11-14 21:05:07] [WARNING] Ping fallido: PCCLIENTE → Inactivo
[2025-11-14 21:05:37] [INFO] Equipos obtenidos desde AD: 2
[2025-11-14 21:05:41] [WARNING] Ping fallido: PCCLIENTE → Inactivo
[2025-11-14 21:06:11] [INFO] Equipos obtenidos desde AD: 2
[2025-11-14 21:06:15] [WARNING] Ping fallido: PCCLIENTE → Inactivo
[2025-11-14 21:06:45] [INFO] Equipos obtenidos desde AD: 2
[2025-11-14 21:06:49] [WARNING] Ping fallido: PCCLIENTE → Inactivo
[2025-11-14 21:07:19] [INFO] Equipos obtenidos desde AD: 2
[2025-11-14 21:07:23] [WARNING] Ping fallido: PCCLIENTE → Inactivo
[2025-11-14 21:07:53] [INFO] Equipos obtenidos desde AD: 2
[2025-11-14 21:07:57] [WARNING] Ping fallido: PCCLIENTE → Inactivo
[2025-11-14 21:08:27] [INFO] Equipos obtenidos desde AD: 2
[2025-11-14 21:08:31] [WARNING] Ping fallido: PCCLIENTE → Inactivo
[2025-11-14 21:09:01] [INFO] Equipos obtenidos desde AD: 2
[2025-11-14 21:09:05] [WARNING] Ping fallido: PCCLIENTE → Inactivo
[2025-11-14 21:09:35] [INFO] Equipos obtenidos desde AD: 2
[2025-11-14 21:09:39] [WARNING] Ping fallido: PCCLIENTE → Inactivo
[2025-11-14 21:10:09] [INFO] Equipos obtenidos desde AD: 2
[2025-11-14 21:10:13] [WARNING] Ping fallido: PCCLIENTE → Inactivo
[2025-11-14 21:10:43] [INFO] Equipos obtenidos desde AD: 2
[2025-11-14 21:10:47] [WARNING] Ping fallido: PCCLIENTE → Inactivo
[2025-11-14 21:11:17] [INFO] Equipos obtenidos desde AD: 2
[2025-11-14 21:11:21] [WARNING] Ping fallido: PCCLIENTE → Inactivo
[2025-11-14 21:11:51] [INFO] Equipos obtenidos desde AD: 2
[2025-11-14 21:11:55] [WARNING] Ping fallido: PCCLIENTE → Inactivo
[2025-11-14 21:12:25] [INFO] Equipos obtenidos desde AD: 2
[2025-11-14 21:12:29] [WARNING] Ping fallido: PCCLIENTE → Inactivo
[2025-11-14 21:12:59] [INFO] Equipos obtenidos desde AD: 2
[2025-11-14 21:13:03] [WARNING] Ping fallido: PCCLIENTE → Inactivo
[2025-11-14 21:13:33] [INFO] Equipos obtenidos desde AD: 2
[2025-11-14 21:13:37] [WARNING] Ping fallido: PCCLIENTE → Inactivo
[2025-11-14 21:14:07] [INFO] Equipos obtenidos desde AD: 2
[2025-11-14 21:14:11] [WARNING] Ping fallido: PCCLIENTE → Inactivo
[2025-11-14 21:14:41] [INFO] Equipos obtenidos desde AD: 2
[2025-11-14 21:14:45] [WARNING] Ping fallido: PCCLIENTE → Inactivo
[2025-11-14 21:15:15] [INFO] Equipos obtenidos desde AD: 2
[2025-11-14 21:15:19] [WARNING] Ping fallido: PCCLIENTE → Inactivo
[2025-11-14 21:15:49] [INFO] Equipos obtenidos desde AD: 2
[2025-11-14 21:15:53] [WARNING] Ping fallido: PCCLIENTE → Inactivo
[2025-11-14 21:16:23] [INFO] Equipos obtenidos desde AD: 2
[2025-11-14 21:16:27] [WARNING] Ping fallido: PCCLIENTE → Inactivo
[2025-11-14 21:16:57] [INFO] Equipos obtenidos desde AD: 2
[2025-11-14 21:17:01] [WARNING] Ping fallido: PCCLIENTE → Inactivo
[2025-11-14 21:17:31] [INFO] Equipos obtenidos desde AD: 2
[2025-11-14 21:17:35] [WARNING] Ping fallido: PCCLIENTE → Inactivo
[2025-11-14 21:18:05] [INFO] Equipos obtenidos desde AD: 2
[2025-11-14 21:18:09] [WARNING] Ping fallido: PCCLIENTE → Inactivo
[2025-11-14 21:18:39] [INFO] Equipos obtenidos desde AD: 2
[2025-11-14 21:18:43] [WARNING] Ping fallido: PCCLIENTE → Inactivo
[2025-11-14 21:19:13] [INFO] Equipos obtenidos desde AD: 2
[2025-11-14 21:19:17] [WARNING] Ping fallido: PCCLIENTE → Inactivo
[2025-11-14 21:19:47] [INFO] Equipos obtenidos desde AD: 2
[2025-11-14 21:19:51] [WARNING] Ping fallido: PCCLIENTE → Inactivo
[2025-11-14 21:20:21] [INFO] Equipos obtenidos desde AD: 2
[2025-11-14 21:20:25] [WARNING] Ping fallido: PCCLIENTE → Inactivo
[2025-11-14 21:20:55] [INFO] Equipos obtenidos desde AD: 2
[2025-11-14 21:20:59] [WARNING] Ping fallido: PCCLIENTE → Inactivo
[2025-11-14 21:21:29] [INFO] Equipos obtenidos desde AD: 2
[2025-11-14 21:21:33] [WARNING] Ping fallido: PCCLIENTE → Inactivo
[2025-11-14 21:22:03] [INFO] Equipos obtenidos desde AD: 2
[2025-11-14 21:22:07] [WARNING] Ping fallido: PCCLIENTE → Inactivo
[2025-11-14 21:22:37] [INFO] Equipos obtenidos desde AD: 2
[2025-11-14 21:22:41] [WARNING] Ping fallido: PCCLIENTE → Inactivo
[2025-11-14 21:23:11] [INFO] Equipos obtenidos desde AD: 2
[2025-11-14 21:23:15] [WARNING] Ping fallido: PCCLIENTE → Inactivo
